<?xml version="1.0" encoding="UTF-8"?>
<testng-results ignored="0" total="1" passed="1" failed="0" skipped="0">
  <reporter-output>
  </reporter-output>
  <suite started-at="2024-03-10T13:49:14 CET" name="Default suite" finished-at="2024-03-10T13:49:53 CET" duration-ms="39423">
    <groups>
    </groups>
    <test started-at="2024-03-10T13:49:14 CET" name="Default test" finished-at="2024-03-10T13:49:53 CET" duration-ms="39423">
      <class name="Selenium.Java_Assignment.VerifyPlan">
        <test-method is-config="true" signature="config()[pri:0, instance:Selenium.Java_Assignment.VerifyPlan@5965d37]" started-at="2024-03-10T13:49:14 CET" name="config" finished-at="2024-03-10T13:49:21 CET" duration-ms="7441" status="PASS">
          <reporter-output>
          </reporter-output>
        </test-method> <!-- config -->
        <test-method is-config="true" signature="launchWebpage()[pri:0, instance:Selenium.Java_Assignment.VerifyPlan@5965d37]" started-at="2024-03-10T13:49:33 CET" name="launchWebpage" finished-at="2024-03-10T13:49:50 CET" duration-ms="16910" status="PASS">
          <reporter-output>
          </reporter-output>
        </test-method> <!-- launchWebpage -->
        <test-method signature="verifyPlan(java.lang.String, java.lang.String, java.lang.String, java.lang.String, java.lang.String)[pri:0, instance:Selenium.Java_Assignment.VerifyPlan@5965d37]" started-at="2024-03-10T13:49:50 CET" name="verifyPlan" data-provider="testData" finished-at="2024-03-10T13:49:53 CET" duration-ms="3666" status="PASS">
          <params>
            <param index="0">
              <value>
                <![CDATA[Thailand]]>
              </value>
            </param>
            <param index="1">
              <value>
                <![CDATA[5 GB]]>
              </value>
            </param>
            <param index="2">
              <value>
                <![CDATA[30 DAYS]]>
              </value>
            </param>
            <param index="3">
              <value>
                <![CDATA[Data only]]>
              </value>
            </param>
            <param index="4">
              <value>
                <![CDATA[9,29 €]]>
              </value>
            </param>
          </params>
          <reporter-output>
          </reporter-output>
        </test-method> <!-- verifyPlan -->
        <test-method is-config="true" signature="tearDown()[pri:0, instance:Selenium.Java_Assignment.VerifyPlan@5965d37]" started-at="2024-03-10T13:49:53 CET" name="tearDown" finished-at="2024-03-10T13:49:53 CET" duration-ms="161" status="PASS">
          <reporter-output>
          </reporter-output>
        </test-method> <!-- tearDown -->
      </class> <!-- Selenium.Java_Assignment.VerifyPlan -->
    </test> <!-- Default test -->
  </suite> <!-- Default suite -->
</testng-results>
